2026-07-01 09:00:00 INFO User logged out
2026-07-01 09:04:00 WARNING High memory usage
2026-07-01 09:07:00 INFO Payment received
2026-07-01 09:12:00 WARNING High memory usage
2026-07-01 09:15:00 ERROR Database connection failed
2026-07-01 09:17:00 INFO Dashboard loaded
2026-07-01 09:18:00 INFO Settings updated
2026-07-01 09:23:00 INFO Cache refreshed
2026-07-01 09:27:00 INFO Settings updated
2026-07-01 09:30:00 ERROR Database connection failed
2026-07-01 09:32:00 INFO User logged out
2026-07-01 09:33:00 INFO User logged out
2026-07-01 09:34:00 INFO Dashboard loaded
2026-07-01 09:37:00 ERROR Database connection failed
2026-07-01 09:38:00 ERROR API timeout
2026-07-01 09:39:00 INFO Session created
2026-07-01 09:40:00 ERROR Database connection failed
2026-07-01 09:41:00 INFO Application started
2026-07-01 09:43:00 INFO Application started
2026-07-01 09:44:00 INFO Settings updated
2026-07-01 09:46:00 INFO Payment received
2026-07-01 09:48:00 INFO Payment received
2026-07-01 09:50:00 INFO Application started
2026-07-01 09:53:00 INFO User logged out
2026-07-01 09:57:00 ERROR Database connection failed
2026-07-01 09:58:00 INFO Application started
2026-07-01 10:01:00 INFO Session created
2026-07-01 10:02:00 INFO Email sent
2026-07-01 10:06:00 INFO Application started
2026-07-01 10:09:00 INFO Session created
2026-07-01 10:12:00 INFO Email sent
2026-07-01 10:17:00 INFO Request processed
2026-07-01 10:19:00 INFO User logged out
2026-07-01 10:23:00 INFO Cache refreshed
2026-07-01 10:28:00 INFO Dashboard loaded
2026-07-01 10:29:00 ERROR Database connection failed
2026-07-01 10:31:00 INFO Application started
2026-07-01 10:33:00 INFO Email sent
2026-07-01 10:36:00 INFO Dashboard loaded
2026-07-01 10:40:00 INFO Payment received
2026-07-01 10:41:00 INFO Settings updated
2026-07-01 10:45:00 INFO Dashboard loaded
2026-07-01 10:47:00 INFO Email sent
2026-07-01 10:49:00 INFO Dashboard loaded
2026-07-01 10:50:00 INFO Payment received
2026-07-01 10:53:00 INFO Settings updated
2026-07-01 10:58:00 INFO Request processed
2026-07-01 13:00:00 INFO Application started
2026-07-01 13:01:00 INFO Request processed
2026-07-01 13:05:00 INFO Request processed
2026-07-01 13:08:00 INFO User logged out
2026-07-01 13:11:00 INFO Application started
2026-07-01 13:11:00 ERROR Database connection failed
2026-07-01 13:14:00 INFO Dashboard loaded
2026-07-01 13:17:00 INFO Settings updated
2026-07-01 13:20:00 INFO Session created
2026-07-01 13:22:00 INFO Payment received
2026-07-01 13:23:00 INFO Application started
2026-07-01 13:24:00 INFO Application started
2026-07-01 13:25:00 INFO Email sent
2026-07-01 13:27:00 INFO User logged out
2026-07-01 13:28:00 ERROR Database connection failed
2026-07-01 13:32:00 INFO User logged in
2026-07-01 13:33:00 INFO Cache refreshed
2026-07-01 13:34:00 WARNING High memory usage
2026-07-01 13:35:00 INFO Cache refreshed
2026-07-01 13:40:00 INFO User logged in
2026-07-01 13:42:00 INFO Cache refreshed
2026-07-01 13:44:00 INFO Cache refreshed
2026-07-01 13:46:00 INFO Request processed
2026-07-01 13:47:00 INFO User logged out
2026-07-01 13:49:00 ERROR API timeout
2026-07-01 13:50:00 ERROR Database connection failed
2026-07-01 13:54:00 INFO Application started
2026-07-01 13:55:00 INFO Session created
2026-07-01 13:58:00 INFO Application started
2026-07-01 14:00:15 ERROR Authentication failed
2026-07-01 14:00:15 ERROR Authentication failed
2026-07-01 14:00:17 ERROR Database connection failed
2026-07-01 14:00:43 ERROR Unable to save record
2026-07-01 14:00:52 ERROR Authentication failed
2026-07-01 14:01:24 ERROR Authentication failed
2026-07-01 14:02:00 INFO User logged out
2026-07-01 14:02:01 ERROR Payment processing failed
2026-07-01 14:02:50 ERROR Unable to save record
2026-07-01 14:04:32 ERROR Payment processing failed
2026-07-01 14:05:02 ERROR Payment processing failed
2026-07-01 14:05:05 ERROR Authentication failed
2026-07-01 14:05:13 ERROR Unable to save record
2026-07-01 14:05:33 ERROR API timeout
2026-07-01 14:06:00 INFO Request processed
2026-07-01 14:07:09 ERROR Database connection failed
2026-07-01 14:07:20 ERROR Unable to save record
2026-07-01 14:07:35 ERROR API timeout
2026-07-01 14:08:11 ERROR API timeout
2026-07-01 14:08:15 ERROR Authentication failed
2026-07-01 14:09:07 ERROR Database connection failed
2026-07-01 14:10:00 ERROR Authentication failed
2026-07-01 14:11:00 INFO Session created
2026-07-01 14:14:00 INFO Settings updated
2026-07-01 14:19:00 INFO Cache refreshed
2026-07-01 14:20:00 ERROR Database connection failed
2026-07-01 14:24:00 INFO Cache refreshed
2026-07-01 14:29:00 ERROR Unable to save record
2026-07-01 14:34:00 INFO Settings updated
2026-07-01 14:35:00 WARNING High memory usage
2026-07-01 14:40:00 INFO Application started
2026-07-01 14:44:00 INFO Settings updated
2026-07-01 14:48:00 INFO Payment received
2026-07-01 14:52:00 ERROR API timeout
2026-07-01 14:55:00 WARNING High CPU usage
2026-07-01 14:58:00 INFO Payment received
2026-07-01 15:00:00 INFO Application started
2026-07-01 15:05:00 INFO Request processed
2026-07-01 15:09:00 INFO Request processed
2026-07-01 15:12:00 INFO User logged out
2026-07-01 15:13:00 INFO Cache refreshed
2026-07-01 15:17:00 INFO Settings updated
2026-07-01 15:21:00 ERROR API timeout
2026-07-01 15:25:00 INFO Application started
2026-07-01 15:27:00 INFO Dashboard loaded
2026-07-01 15:28:00 INFO User logged out
2026-07-01 15:30:00 INFO Settings updated
2026-07-01 15:31:00 INFO User logged in
2026-07-01 15:36:00 INFO Dashboard loaded
2026-07-01 15:40:00 INFO Application started
2026-07-01 15:42:00 INFO Payment received
2026-07-01 15:45:00 ERROR Database connection failed
2026-07-01 15:47:00 ERROR Authentication failed
2026-07-01 15:49:00 INFO Email sent
2026-07-01 15:50:00 INFO Session created
2026-07-01 15:55:00 INFO Cache refreshed
2026-07-01 15:57:00 INFO Session created
2026-07-01 16:02:00 INFO Request processed
2026-07-01 16:04:00 WARNING Disk usage above 80%
2026-07-01 16:05:00 INFO Payment received
2026-07-01 16:09:00 INFO Application started
2026-07-01 16:12:00 INFO User logged out
2026-07-01 16:13:00 INFO Payment received
2026-07-01 16:16:00 INFO User logged out
2026-07-01 16:19:00 INFO Application started
2026-07-01 16:22:00 WARNING Slow database query
2026-07-01 16:24:00 ERROR Payment processing failed
2026-07-01 16:25:00 INFO Email sent
2026-07-01 16:27:00 INFO Session created
2026-07-01 16:28:00 INFO Email sent
2026-07-01 16:32:00 INFO Email sent
2026-07-01 16:33:00 ERROR Database connection failed
2026-07-01 16:34:00 INFO Email sent
2026-07-01 16:36:00 INFO Dashboard loaded
2026-07-01 16:37:00 INFO Payment received
2026-07-01 16:40:00 INFO Dashboard loaded
2026-07-01 16:41:00 INFO User logged out
2026-07-01 16:46:00 INFO Session created
2026-07-01 16:51:00 INFO Email sent
2026-07-01 16:55:00 INFO Cache refreshed
2026-07-01 16:58:00 INFO Cache refreshed
2026-07-01 16:59:00 INFO User logged in
